<?xml version="1.0" encoding="UTF-8"?>
<testsuite xmlns:xsi="http://www.w3.org/2001/XMLSchema-instance" xsi:noNamespaceSchemaLocation="https://maven.apache.org/surefire/maven-surefire-plugin/xsd/surefire-test-report.xsd" name="com.scheduler.learn.SpringSchedulerApplicationTests" time="1.17" tests="1" errors="0" skipped="0" failures="0">
  <properties>
    <property name="gopherProxySet" value="false"/>
    <property name="awt.toolkit" value="sun.lwawt.macosx.LWCToolkit"/>
    <property name="java.specification.version" value="11"/>
    <property name="sun.cpu.isalist" value=""/>
    <property name="sun.jnu.encoding" value="UTF-8"/>
    <property name="java.class.path" value="/Users/a0m0rtj/AwinasKannan/Official/Workstation/stsoffl/Spring-Scheduler/target/test-classes:/Users/a0m0rtj/AwinasKannan/Official/Workstation/stsoffl/Spring-Scheduler/target/classes:/Users/a0m0rtj/AwinasKannan/Official/StsRepoOffl/org/springframework/boot/spring-boot-starter/2.5.4/spring-boot-starter-2.5.4.jar:/Users/a0m0rtj/AwinasKannan/Official/StsRepoOffl/org/springframework/boot/spring-boot/2.5.4/spring-boot-2.5.4.jar:/Users/a0m0rtj/AwinasKannan/Official/StsRepoOffl/org/springframework/spring-context/5.3.9/spring-context-5.3.9.jar:/Users/a0m0rtj/AwinasKannan/Official/StsRepoOffl/org/springframework/spring-aop/5.3.9/spring-aop-5.3.9.jar:/Users/a0m0rtj/AwinasKannan/Official/StsRepoOffl/org/springframework/spring-beans/5.3.9/spring-beans-5.3.9.jar:/Users/a0m0rtj/AwinasKannan/Official/StsRepoOffl/org/springframework/spring-expression/5.3.9/spring-expression-5.3.9.jar:/Users/a0m0rtj/AwinasKannan/Official/StsRepoOffl/org/springframework/boot/spring-boot-autoconfigure/2.5.4/spring-boot-autoconfigure-2.5.4.jar:/Users/a0m0rtj/AwinasKannan/Official/StsRepoOffl/org/springframework/boot/spring-boot-starter-logging/2.5.4/spring-boot-starter-logging-2.5.4.jar:/Users/a0m0rtj/AwinasKannan/Official/StsRepoOffl/ch/qos/logback/logback-classic/1.2.5/logback-classic-1.2.5.jar:/Users/a0m0rtj/AwinasKannan/Official/StsRepoOffl/ch/qos/logback/logback-core/1.2.5/logback-core-1.2.5.jar:/Users/a0m0rtj/AwinasKannan/Official/StsRepoOffl/org/apache/logging/log4j/log4j-to-slf4j/2.14.1/log4j-to-slf4j-2.14.1.jar:/Users/a0m0rtj/AwinasKannan/Official/StsRepoOffl/org/apache/logging/log4j/log4j-api/2.14.1/log4j-api-2.14.1.jar:/Users/a0m0rtj/AwinasKannan/Official/StsRepoOffl/org/slf4j/jul-to-slf4j/1.7.32/jul-to-slf4j-1.7.32.jar:/Users/a0m0rtj/AwinasKannan/Official/StsRepoOffl/jakarta/annotation/jakarta.annotation-api/1.3.5/jakarta.annotation-api-1.3.5.jar:/Users/a0m0rtj/AwinasKannan/Official/StsRepoOffl/org/springframework/spring-core/5.3.9/spring-core-5.3.9.jar:/Users/a0m0rtj/AwinasKannan/Official/StsRepoOffl/org/springframework/spring-jcl/5.3.9/spring-jcl-5.3.9.jar:/Users/a0m0rtj/AwinasKannan/Official/StsRepoOffl/org/yaml/snakeyaml/1.28/snakeyaml-1.28.jar:/Users/a0m0rtj/AwinasKannan/Official/StsRepoOffl/org/springframework/boot/spring-boot-devtools/2.5.4/spring-boot-devtools-2.5.4.jar:/Users/a0m0rtj/AwinasKannan/Official/StsRepoOffl/org/springframework/boot/spring-boot-starter-test/2.5.4/spring-boot-starter-test-2.5.4.jar:/Users/a0m0rtj/AwinasKannan/Official/StsRepoOffl/org/springframework/boot/spring-boot-test/2.5.4/spring-boot-test-2.5.4.jar:/Users/a0m0rtj/AwinasKannan/Official/StsRepoOffl/org/springframework/boot/spring-boot-test-autoconfigure/2.5.4/spring-boot-test-autoconfigure-2.5.4.jar:/Users/a0m0rtj/AwinasKannan/Official/StsRepoOffl/com/jayway/jsonpath/json-path/2.5.0/json-path-2.5.0.jar:/Users/a0m0rtj/AwinasKannan/Official/StsRepoOffl/net/minidev/json-smart/2.4.7/json-smart-2.4.7.jar:/Users/a0m0rtj/AwinasKannan/Official/StsRepoOffl/net/minidev/accessors-smart/2.4.7/accessors-smart-2.4.7.jar:/Users/a0m0rtj/AwinasKannan/Official/StsRepoOffl/org/ow2/asm/asm/9.1/asm-9.1.jar:/Users/a0m0rtj/AwinasKannan/Official/StsRepoOffl/jakarta/xml/bind/jakarta.xml.bind-api/2.3.3/jakarta.xml.bind-api-2.3.3.jar:/Users/a0m0rtj/AwinasKannan/Official/StsRepoOffl/jakarta/activation/jakarta.activation-api/1.2.2/jakarta.activation-api-1.2.2.jar:/Users/a0m0rtj/AwinasKannan/Official/StsRepoOffl/org/assertj/assertj-core/3.19.0/assertj-core-3.19.0.jar:/Users/a0m0rtj/AwinasKannan/Official/StsRepoOffl/org/hamcrest/hamcrest/2.2/hamcrest-2.2.jar:/Users/a0m0rtj/AwinasKannan/Official/StsRepoOffl/org/junit/jupiter/junit-jupiter/5.7.2/junit-jupiter-5.7.2.jar:/Users/a0m0rtj/AwinasKannan/Official/StsRepoOffl/org/junit/jupiter/junit-jupiter-api/5.7.2/junit-jupiter-api-5.7.2.jar:/Users/a0m0rtj/AwinasKannan/Official/StsRepoOffl/org/apiguardian/apiguardian-api/1.1.0/apiguardian-api-1.1.0.jar:/Users/a0m0rtj/AwinasKannan/Official/StsRepoOffl/org/opentest4j/opentest4j/1.2.0/opentest4j-1.2.0.jar:/Users/a0m0rtj/AwinasKannan/Official/StsRepoOffl/org/junit/platform/junit-platform-commons/1.7.2/junit-platform-commons-1.7.2.jar:/Users/a0m0rtj/AwinasKannan/Official/StsRepoOffl/org/junit/jupiter/junit-jupiter-params/5.7.2/junit-jupiter-params-5.7.2.jar:/Users/a0m0rtj/AwinasKannan/Official/StsRepoOffl/org/junit/jupiter/junit-jupiter-engine/5.7.2/junit-jupiter-engine-5.7.2.jar:/Users/a0m0rtj/AwinasKannan/Official/StsRepoOffl/org/junit/platform/junit-platform-engine/1.7.2/junit-platform-engine-1.7.2.jar:/Users/a0m0rtj/AwinasKannan/Official/StsRepoOffl/org/mockito/mockito-core/3.9.0/mockito-core-3.9.0.jar:/Users/a0m0rtj/AwinasKannan/Official/StsRepoOffl/net/bytebuddy/byte-buddy/1.10.22/byte-buddy-1.10.22.jar:/Users/a0m0rtj/AwinasKannan/Official/StsRepoOffl/net/bytebuddy/byte-buddy-agent/1.10.22/byte-buddy-agent-1.10.22.jar:/Users/a0m0rtj/AwinasKannan/Official/StsRepoOffl/org/objenesis/objenesis/3.2/objenesis-3.2.jar:/Users/a0m0rtj/AwinasKannan/Official/StsRepoOffl/org/mockito/mockito-junit-jupiter/3.9.0/mockito-junit-jupiter-3.9.0.jar:/Users/a0m0rtj/AwinasKannan/Official/StsRepoOffl/org/skyscreamer/jsonassert/1.5.0/jsonassert-1.5.0.jar:/Users/a0m0rtj/AwinasKannan/Official/StsRepoOffl/com/vaadin/external/google/android-json/0.0.20131108.vaadin1/android-json-0.0.20131108.vaadin1.jar:/Users/a0m0rtj/AwinasKannan/Official/StsRepoOffl/org/springframework/spring-test/5.3.9/spring-test-5.3.9.jar:/Users/a0m0rtj/AwinasKannan/Official/StsRepoOffl/org/xmlunit/xmlunit-core/2.8.2/xmlunit-core-2.8.2.jar:/Users/a0m0rtj/AwinasKannan/Official/StsRepoOffl/com/microsoft/azure/azure-storage/5.0.0/azure-storage-5.0.0.jar:/Users/a0m0rtj/AwinasKannan/Official/StsRepoOffl/com/fasterxml/jackson/core/jackson-core/2.12.4/jackson-core-2.12.4.jar:/Users/a0m0rtj/AwinasKannan/Official/StsRepoOffl/org/slf4j/slf4j-api/1.7.32/slf4j-api-1.7.32.jar:/Users/a0m0rtj/AwinasKannan/Official/StsRepoOffl/org/apache/commons/commons-lang3/3.12.0/commons-lang3-3.12.0.jar:/Users/a0m0rtj/AwinasKannan/Official/StsRepoOffl/com/microsoft/azure/azure-keyvault-core/0.8.0/azure-keyvault-core-0.8.0.jar:"/>
    <property name="java.vm.vendor" value="Azul Systems, Inc."/>
    <property name="sun.arch.data.model" value="64"/>
    <property name="java.vendor.url" value="http://www.azul.com/"/>
    <property name="user.timezone" value=""/>
    <property name="java.vm.specification.version" value="11"/>
    <property name="os.name" value="Mac OS X"/>
    <property name="sun.java.launcher" value="SUN_STANDARD"/>
    <property name="user.country" value="IN"/>
    <property name="sun.boot.library.path" value="/Library/Java/JavaVirtualMachines/zulu-11.jdk/Contents/Home/lib"/>
    <property name="sun.java.command" value="/Users/a0m0rtj/AwinasKannan/Official/Workstation/stsoffl/Spring-Scheduler/target/surefire/surefirebooter9844123547244425614.jar /Users/a0m0rtj/AwinasKannan/Official/Workstation/stsoffl/Spring-Scheduler/target/surefire 2021-10-12T16-36-32_170-jvmRun1 surefire5048860760925258274tmp surefire_09203801113710324170tmp"/>
    <property name="jdk.debug" value="release"/>
    <property name="surefire.test.class.path" value="/Users/a0m0rtj/AwinasKannan/Official/Workstation/stsoffl/Spring-Scheduler/target/test-classes:/Users/a0m0rtj/AwinasKannan/Official/Workstation/stsoffl/Spring-Scheduler/target/classes:/Users/a0m0rtj/AwinasKannan/Official/StsRepoOffl/org/springframework/boot/spring-boot-starter/2.5.4/spring-boot-starter-2.5.4.jar:/Users/a0m0rtj/AwinasKannan/Official/StsRepoOffl/org/springframework/boot/spring-boot/2.5.4/spring-boot-2.5.4.jar:/Users/a0m0rtj/AwinasKannan/Official/StsRepoOffl/org/springframework/spring-context/5.3.9/spring-context-5.3.9.jar:/Users/a0m0rtj/AwinasKannan/Official/StsRepoOffl/org/springframework/spring-aop/5.3.9/spring-aop-5.3.9.jar:/Users/a0m0rtj/AwinasKannan/Official/StsRepoOffl/org/springframework/spring-beans/5.3.9/spring-beans-5.3.9.jar:/Users/a0m0rtj/AwinasKannan/Official/StsRepoOffl/org/springframework/spring-expression/5.3.9/spring-expression-5.3.9.jar:/Users/a0m0rtj/AwinasKannan/Official/StsRepoOffl/org/springframework/boot/spring-boot-autoconfigure/2.5.4/spring-boot-autoconfigure-2.5.4.jar:/Users/a0m0rtj/AwinasKannan/Official/StsRepoOffl/org/springframework/boot/spring-boot-starter-logging/2.5.4/spring-boot-starter-logging-2.5.4.jar:/Users/a0m0rtj/AwinasKannan/Official/StsRepoOffl/ch/qos/logback/logback-classic/1.2.5/logback-classic-1.2.5.jar:/Users/a0m0rtj/AwinasKannan/Official/StsRepoOffl/ch/qos/logback/logback-core/1.2.5/logback-core-1.2.5.jar:/Users/a0m0rtj/AwinasKannan/Official/StsRepoOffl/org/apache/logging/log4j/log4j-to-slf4j/2.14.1/log4j-to-slf4j-2.14.1.jar:/Users/a0m0rtj/AwinasKannan/Official/StsRepoOffl/org/apache/logging/log4j/log4j-api/2.14.1/log4j-api-2.14.1.jar:/Users/a0m0rtj/AwinasKannan/Official/StsRepoOffl/org/slf4j/jul-to-slf4j/1.7.32/jul-to-slf4j-1.7.32.jar:/Users/a0m0rtj/AwinasKannan/Official/StsRepoOffl/jakarta/annotation/jakarta.annotation-api/1.3.5/jakarta.annotation-api-1.3.5.jar:/Users/a0m0rtj/AwinasKannan/Official/StsRepoOffl/org/springframework/spring-core/5.3.9/spring-core-5.3.9.jar:/Users/a0m0rtj/AwinasKannan/Official/StsRepoOffl/org/springframework/spring-jcl/5.3.9/spring-jcl-5.3.9.jar:/Users/a0m0rtj/AwinasKannan/Official/StsRepoOffl/org/yaml/snakeyaml/1.28/snakeyaml-1.28.jar:/Users/a0m0rtj/AwinasKannan/Official/StsRepoOffl/org/springframework/boot/spring-boot-devtools/2.5.4/spring-boot-devtools-2.5.4.jar:/Users/a0m0rtj/AwinasKannan/Official/StsRepoOffl/org/springframework/boot/spring-boot-starter-test/2.5.4/spring-boot-starter-test-2.5.4.jar:/Users/a0m0rtj/AwinasKannan/Official/StsRepoOffl/org/springframework/boot/spring-boot-test/2.5.4/spring-boot-test-2.5.4.jar:/Users/a0m0rtj/AwinasKannan/Official/StsRepoOffl/org/springframework/boot/spring-boot-test-autoconfigure/2.5.4/spring-boot-test-autoconfigure-2.5.4.jar:/Users/a0m0rtj/AwinasKannan/Official/StsRepoOffl/com/jayway/jsonpath/json-path/2.5.0/json-path-2.5.0.jar:/Users/a0m0rtj/AwinasKannan/Official/StsRepoOffl/net/minidev/json-smart/2.4.7/json-smart-2.4.7.jar:/Users/a0m0rtj/AwinasKannan/Official/StsRepoOffl/net/minidev/accessors-smart/2.4.7/accessors-smart-2.4.7.jar:/Users/a0m0rtj/AwinasKannan/Official/StsRepoOffl/org/ow2/asm/asm/9.1/asm-9.1.jar:/Users/a0m0rtj/AwinasKannan/Official/StsRepoOffl/jakarta/xml/bind/jakarta.xml.bind-api/2.3.3/jakarta.xml.bind-api-2.3.3.jar:/Users/a0m0rtj/AwinasKannan/Official/StsRepoOffl/jakarta/activation/jakarta.activation-api/1.2.2/jakarta.activation-api-1.2.2.jar:/Users/a0m0rtj/AwinasKannan/Official/StsRepoOffl/org/assertj/assertj-core/3.19.0/assertj-core-3.19.0.jar:/Users/a0m0rtj/AwinasKannan/Official/StsRepoOffl/org/hamcrest/hamcrest/2.2/hamcrest-2.2.jar:/Users/a0m0rtj/AwinasKannan/Official/StsRepoOffl/org/junit/jupiter/junit-jupiter/5.7.2/junit-jupiter-5.7.2.jar:/Users/a0m0rtj/AwinasKannan/Official/StsRepoOffl/org/junit/jupiter/junit-jupiter-api/5.7.2/junit-jupiter-api-5.7.2.jar:/Users/a0m0rtj/AwinasKannan/Official/StsRepoOffl/org/apiguardian/apiguardian-api/1.1.0/apiguardian-api-1.1.0.jar:/Users/a0m0rtj/AwinasKannan/Official/StsRepoOffl/org/opentest4j/opentest4j/1.2.0/opentest4j-1.2.0.jar:/Users/a0m0rtj/AwinasKannan/Official/StsRepoOffl/org/junit/platform/junit-platform-commons/1.7.2/junit-platform-commons-1.7.2.jar:/Users/a0m0rtj/AwinasKannan/Official/StsRepoOffl/org/junit/jupiter/junit-jupiter-params/5.7.2/junit-jupiter-params-5.7.2.jar:/Users/a0m0rtj/AwinasKannan/Official/StsRepoOffl/org/junit/jupiter/junit-jupiter-engine/5.7.2/junit-jupiter-engine-5.7.2.jar:/Users/a0m0rtj/AwinasKannan/Official/StsRepoOffl/org/junit/platform/junit-platform-engine/1.7.2/junit-platform-engine-1.7.2.jar:/Users/a0m0rtj/AwinasKannan/Official/StsRepoOffl/org/mockito/mockito-core/3.9.0/mockito-core-3.9.0.jar:/Users/a0m0rtj/AwinasKannan/Official/StsRepoOffl/net/bytebuddy/byte-buddy/1.10.22/byte-buddy-1.10.22.jar:/Users/a0m0rtj/AwinasKannan/Official/StsRepoOffl/net/bytebuddy/byte-buddy-agent/1.10.22/byte-buddy-agent-1.10.22.jar:/Users/a0m0rtj/AwinasKannan/Official/StsRepoOffl/org/objenesis/objenesis/3.2/objenesis-3.2.jar:/Users/a0m0rtj/AwinasKannan/Official/StsRepoOffl/org/mockito/mockito-junit-jupiter/3.9.0/mockito-junit-jupiter-3.9.0.jar:/Users/a0m0rtj/AwinasKannan/Official/StsRepoOffl/org/skyscreamer/jsonassert/1.5.0/jsonassert-1.5.0.jar:/Users/a0m0rtj/AwinasKannan/Official/StsRepoOffl/com/vaadin/external/google/android-json/0.0.20131108.vaadin1/android-json-0.0.20131108.vaadin1.jar:/Users/a0m0rtj/AwinasKannan/Official/StsRepoOffl/org/springframework/spring-test/5.3.9/spring-test-5.3.9.jar:/Users/a0m0rtj/AwinasKannan/Official/StsRepoOffl/org/xmlunit/xmlunit-core/2.8.2/xmlunit-core-2.8.2.jar:/Users/a0m0rtj/AwinasKannan/Official/StsRepoOffl/com/microsoft/azure/azure-storage/5.0.0/azure-storage-5.0.0.jar:/Users/a0m0rtj/AwinasKannan/Official/StsRepoOffl/com/fasterxml/jackson/core/jackson-core/2.12.4/jackson-core-2.12.4.jar:/Users/a0m0rtj/AwinasKannan/Official/StsRepoOffl/org/slf4j/slf4j-api/1.7.32/slf4j-api-1.7.32.jar:/Users/a0m0rtj/AwinasKannan/Official/StsRepoOffl/org/apache/commons/commons-lang3/3.12.0/commons-lang3-3.12.0.jar:/Users/a0m0rtj/AwinasKannan/Official/StsRepoOffl/com/microsoft/azure/azure-keyvault-core/0.8.0/azure-keyvault-core-0.8.0.jar:"/>
    <property name="sun.cpu.endian" value="little"/>
    <property name="user.home" value="/Users/a0m0rtj"/>
    <property name="user.language" value="en"/>
    <property name="java.specification.vendor" value="Oracle Corporation"/>
    <property name="java.version.date" value="2021-07-20"/>
    <property name="java.home" value="/Library/Java/JavaVirtualMachines/zulu-11.jdk/Contents/Home"/>
    <property name="file.separator" value="/"/>
    <property name="style.color" value="always"/>
    <property name="basedir" value="/Users/a0m0rtj/AwinasKannan/Official/Workstation/stsoffl/Spring-Scheduler"/>
    <property name="java.vm.compressedOopsMode" value="Zero based"/>
    <property name="line.separator" value="&#10;"/>
    <property name="java.specification.name" value="Java Platform API Specification"/>
    <property name="java.vm.specification.vendor" value="Oracle Corporation"/>
    <property name="jdk.vendor.version" value="Zulu11.50+19-NV"/>
    <property name="java.awt.graphicsenv" value="sun.awt.CGraphicsEnvironment"/>
    <property name="surefire.real.class.path" value="/Users/a0m0rtj/AwinasKannan/Official/Workstation/stsoffl/Spring-Scheduler/target/surefire/surefirebooter9844123547244425614.jar"/>
    <property name="sun.management.compiler" value="HotSpot 64-Bit Tiered Compilers"/>
    <property name="java.runtime.version" value="11.0.12+7-LTS"/>
    <property name="user.name" value="a0m0rtj"/>
    <property name="path.separator" value=":"/>
    <property name="os.version" value="10.15.7"/>
    <property name="java.runtime.name" value="OpenJDK Runtime Environment"/>
    <property name="file.encoding" value="UTF-8"/>
    <property name="java.vm.name" value="OpenJDK 64-Bit Server VM"/>
    <property name="java.vendor.version" value="Zulu11.50+19-NV"/>
    <property name="localRepository" value="/Users/a0m0rtj/AwinasKannan/Official/StsRepoOffl"/>
    <property name="java.vendor.url.bug" value="http://www.azul.com/support/"/>
    <property name="java.io.tmpdir" value="/var/folders/ry/2d5lqfj14s51d9ys0mv94wdh0000gq/T/"/>
    <property name="java.version" value="11.0.12"/>
    <property name="user.dir" value="/Users/a0m0rtj/AwinasKannan/Official/Workstation/stsoffl/Spring-Scheduler"/>
    <property name="os.arch" value="x86_64"/>
    <property name="java.vm.specification.name" value="Java Virtual Machine Specification"/>
    <property name="java.awt.printerjob" value="sun.lwawt.macosx.CPrinterJob"/>
    <property name="sun.os.patch.level" value="unknown"/>
    <property name="java.library.path" value="/Users/a0m0rtj/Library/Java/Extensions:/Library/Java/Extensions:/Network/Library/Java/Extensions:/System/Library/Java/Extensions:/usr/lib/java:."/>
    <property name="java.vm.info" value="mixed mode"/>
    <property name="java.vendor" value="Azul Systems, Inc."/>
    <property name="java.vm.version" value="11.0.12+7-LTS"/>
    <property name="sun.io.unicode.encoding" value="UnicodeBig"/>
    <property name="java.class.version" value="55.0"/>
  </properties>
  <testcase name="contextLoads" classname="com.scheduler.learn.SpringSchedulerApplicationTests" time="0.213"/>
</testsuite>