<?xml version="1.0" encoding="UTF-8"?>
<testsuite xmlns:xsi="http://www.w3.org/2001/XMLSchema-instance" xsi:noNamespaceSchemaLocation="https://maven.apache.org/surefire/maven-surefire-plugin/xsd/surefire-test-report.xsd" name="com.consumer.kafka.SpringKafkaConsumerApplicationTests" time="3.32" tests="1" errors="0" skipped="0" failures="0">
  <properties>
    <property name="gopherProxySet" value="false"/>
    <property name="awt.toolkit" value="sun.lwawt.macosx.LWCToolkit"/>
    <property name="java.specification.version" value="11"/>
    <property name="sun.cpu.isalist" value=""/>
    <property name="sun.jnu.encoding" value="UTF-8"/>
    <property name="java.class.path" value="/Users/a0m0rtj/AwinasKannan/Official/Workstation/stsoffl/spring-kafka-consumer/target/test-classes:/Users/a0m0rtj/AwinasKannan/Official/Workstation/stsoffl/spring-kafka-consumer/target/classes:/Users/a0m0rtj/AwinasKannan/Official/StsRepoOffl/org/springframework/boot/spring-boot-starter/2.5.5/spring-boot-starter-2.5.5.jar:/Users/a0m0rtj/AwinasKannan/Official/StsRepoOffl/org/springframework/boot/spring-boot/2.5.5/spring-boot-2.5.5.jar:/Users/a0m0rtj/AwinasKannan/Official/StsRepoOffl/org/springframework/boot/spring-boot-autoconfigure/2.5.5/spring-boot-autoconfigure-2.5.5.jar:/Users/a0m0rtj/AwinasKannan/Official/StsRepoOffl/org/springframework/boot/spring-boot-starter-logging/2.5.5/spring-boot-starter-logging-2.5.5.jar:/Users/a0m0rtj/AwinasKannan/Official/StsRepoOffl/ch/qos/logback/logback-classic/1.2.6/logback-classic-1.2.6.jar:/Users/a0m0rtj/AwinasKannan/Official/StsRepoOffl/ch/qos/logback/logback-core/1.2.6/logback-core-1.2.6.jar:/Users/a0m0rtj/AwinasKannan/Official/StsRepoOffl/org/apache/logging/log4j/log4j-to-slf4j/2.14.1/log4j-to-slf4j-2.14.1.jar:/Users/a0m0rtj/AwinasKannan/Official/StsRepoOffl/org/apache/logging/log4j/log4j-api/2.14.1/log4j-api-2.14.1.jar:/Users/a0m0rtj/AwinasKannan/Official/StsRepoOffl/org/slf4j/jul-to-slf4j/1.7.32/jul-to-slf4j-1.7.32.jar:/Users/a0m0rtj/AwinasKannan/Official/StsRepoOffl/jakarta/annotation/jakarta.annotation-api/1.3.5/jakarta.annotation-api-1.3.5.jar:/Users/a0m0rtj/AwinasKannan/Official/StsRepoOffl/org/springframework/spring-core/5.3.10/spring-core-5.3.10.jar:/Users/a0m0rtj/AwinasKannan/Official/StsRepoOffl/org/springframework/spring-jcl/5.3.10/spring-jcl-5.3.10.jar:/Users/a0m0rtj/AwinasKannan/Official/StsRepoOffl/org/yaml/snakeyaml/1.28/snakeyaml-1.28.jar:/Users/a0m0rtj/AwinasKannan/Official/StsRepoOffl/org/springframework/kafka/spring-kafka/2.7.7/spring-kafka-2.7.7.jar:/Users/a0m0rtj/AwinasKannan/Official/StsRepoOffl/org/springframework/spring-context/5.3.10/spring-context-5.3.10.jar:/Users/a0m0rtj/AwinasKannan/Official/StsRepoOffl/org/springframework/spring-aop/5.3.10/spring-aop-5.3.10.jar:/Users/a0m0rtj/AwinasKannan/Official/StsRepoOffl/org/springframework/spring-beans/5.3.10/spring-beans-5.3.10.jar:/Users/a0m0rtj/AwinasKannan/Official/StsRepoOffl/org/springframework/spring-expression/5.3.10/spring-expression-5.3.10.jar:/Users/a0m0rtj/AwinasKannan/Official/StsRepoOffl/org/springframework/spring-messaging/5.3.10/spring-messaging-5.3.10.jar:/Users/a0m0rtj/AwinasKannan/Official/StsRepoOffl/org/springframework/spring-tx/5.3.10/spring-tx-5.3.10.jar:/Users/a0m0rtj/AwinasKannan/Official/StsRepoOffl/org/springframework/retry/spring-retry/1.3.1/spring-retry-1.3.1.jar:/Users/a0m0rtj/AwinasKannan/Official/StsRepoOffl/javax/annotation/javax.annotation-api/1.3.2/javax.annotation-api-1.3.2.jar:/Users/a0m0rtj/AwinasKannan/Official/StsRepoOffl/org/apache/kafka/kafka-clients/2.7.1/kafka-clients-2.7.1.jar:/Users/a0m0rtj/AwinasKannan/Official/StsRepoOffl/com/github/luben/zstd-jni/1.4.5-6/zstd-jni-1.4.5-6.jar:/Users/a0m0rtj/AwinasKannan/Official/StsRepoOffl/org/lz4/lz4-java/1.7.1/lz4-java-1.7.1.jar:/Users/a0m0rtj/AwinasKannan/Official/StsRepoOffl/org/xerial/snappy/snappy-java/1.1.7.7/snappy-java-1.1.7.7.jar:/Users/a0m0rtj/AwinasKannan/Official/StsRepoOffl/org/slf4j/slf4j-api/1.7.32/slf4j-api-1.7.32.jar:/Users/a0m0rtj/AwinasKannan/Official/StsRepoOffl/com/google/code/findbugs/jsr305/3.0.2/jsr305-3.0.2.jar:/Users/a0m0rtj/AwinasKannan/Official/StsRepoOffl/org/projectlombok/lombok/1.18.20/lombok-1.18.20.jar:/Users/a0m0rtj/AwinasKannan/Official/StsRepoOffl/com/fasterxml/jackson/core/jackson-databind/2.12.5/jackson-databind-2.12.5.jar:/Users/a0m0rtj/AwinasKannan/Official/StsRepoOffl/com/fasterxml/jackson/core/jackson-annotations/2.12.5/jackson-annotations-2.12.5.jar:/Users/a0m0rtj/AwinasKannan/Official/StsRepoOffl/com/fasterxml/jackson/core/jackson-core/2.12.5/jackson-core-2.12.5.jar:/Users/a0m0rtj/AwinasKannan/Official/StsRepoOffl/org/springframework/boot/spring-boot-starter-test/2.5.5/spring-boot-starter-test-2.5.5.jar:/Users/a0m0rtj/AwinasKannan/Official/StsRepoOffl/org/springframework/boot/spring-boot-test/2.5.5/spring-boot-test-2.5.5.jar:/Users/a0m0rtj/AwinasKannan/Official/StsRepoOffl/org/springframework/boot/spring-boot-test-autoconfigure/2.5.5/spring-boot-test-autoconfigure-2.5.5.jar:/Users/a0m0rtj/AwinasKannan/Official/StsRepoOffl/com/jayway/jsonpath/json-path/2.5.0/json-path-2.5.0.jar:/Users/a0m0rtj/AwinasKannan/Official/StsRepoOffl/net/minidev/json-smart/2.4.7/json-smart-2.4.7.jar:/Users/a0m0rtj/AwinasKannan/Official/StsRepoOffl/net/minidev/accessors-smart/2.4.7/accessors-smart-2.4.7.jar:/Users/a0m0rtj/AwinasKannan/Official/StsRepoOffl/org/ow2/asm/asm/9.1/asm-9.1.jar:/Users/a0m0rtj/AwinasKannan/Official/StsRepoOffl/jakarta/xml/bind/jakarta.xml.bind-api/2.3.3/jakarta.xml.bind-api-2.3.3.jar:/Users/a0m0rtj/AwinasKannan/Official/StsRepoOffl/jakarta/activation/jakarta.activation-api/1.2.2/jakarta.activation-api-1.2.2.jar:/Users/a0m0rtj/AwinasKannan/Official/StsRepoOffl/org/assertj/assertj-core/3.19.0/assertj-core-3.19.0.jar:/Users/a0m0rtj/AwinasKannan/Official/StsRepoOffl/org/hamcrest/hamcrest/2.2/hamcrest-2.2.jar:/Users/a0m0rtj/AwinasKannan/Official/StsRepoOffl/org/junit/jupiter/junit-jupiter/5.7.2/junit-jupiter-5.7.2.jar:/Users/a0m0rtj/AwinasKannan/Official/StsRepoOffl/org/junit/jupiter/junit-jupiter-params/5.7.2/junit-jupiter-params-5.7.2.jar:/Users/a0m0rtj/AwinasKannan/Official/StsRepoOffl/org/junit/jupiter/junit-jupiter-engine/5.7.2/junit-jupiter-engine-5.7.2.jar:/Users/a0m0rtj/AwinasKannan/Official/StsRepoOffl/org/junit/platform/junit-platform-engine/1.7.2/junit-platform-engine-1.7.2.jar:/Users/a0m0rtj/AwinasKannan/Official/StsRepoOffl/org/mockito/mockito-core/3.9.0/mockito-core-3.9.0.jar:/Users/a0m0rtj/AwinasKannan/Official/StsRepoOffl/net/bytebuddy/byte-buddy/1.10.22/byte-buddy-1.10.22.jar:/Users/a0m0rtj/AwinasKannan/Official/StsRepoOffl/net/bytebuddy/byte-buddy-agent/1.10.22/byte-buddy-agent-1.10.22.jar:/Users/a0m0rtj/AwinasKannan/Official/StsRepoOffl/org/objenesis/objenesis/3.2/objenesis-3.2.jar:/Users/a0m0rtj/AwinasKannan/Official/StsRepoOffl/org/mockito/mockito-junit-jupiter/3.9.0/mockito-junit-jupiter-3.9.0.jar:/Users/a0m0rtj/AwinasKannan/Official/StsRepoOffl/org/skyscreamer/jsonassert/1.5.0/jsonassert-1.5.0.jar:/Users/a0m0rtj/AwinasKannan/Official/StsRepoOffl/com/vaadin/external/google/android-json/0.0.20131108.vaadin1/android-json-0.0.20131108.vaadin1.jar:/Users/a0m0rtj/AwinasKannan/Official/StsRepoOffl/org/springframework/spring-test/5.3.10/spring-test-5.3.10.jar:/Users/a0m0rtj/AwinasKannan/Official/StsRepoOffl/org/xmlunit/xmlunit-core/2.8.2/xmlunit-core-2.8.2.jar:/Users/a0m0rtj/AwinasKannan/Official/StsRepoOffl/org/springframework/kafka/spring-kafka-test/2.7.7/spring-kafka-test-2.7.7.jar:/Users/a0m0rtj/AwinasKannan/Official/StsRepoOffl/org/apache/kafka/kafka-clients/2.7.1/kafka-clients-2.7.1-test.jar:/Users/a0m0rtj/AwinasKannan/Official/StsRepoOffl/org/apache/kafka/kafka-streams/2.7.1/kafka-streams-2.7.1.jar:/Users/a0m0rtj/AwinasKannan/Official/StsRepoOffl/org/apache/kafka/connect-json/2.7.1/connect-json-2.7.1.jar:/Users/a0m0rtj/AwinasKannan/Official/StsRepoOffl/org/apache/kafka/connect-api/2.7.1/connect-api-2.7.1.jar:/Users/a0m0rtj/AwinasKannan/Official/StsRepoOffl/org/rocksdb/rocksdbjni/5.18.4/rocksdbjni-5.18.4.jar:/Users/a0m0rtj/AwinasKannan/Official/StsRepoOffl/org/apache/kafka/kafka-streams-test-utils/2.7.1/kafka-streams-test-utils-2.7.1.jar:/Users/a0m0rtj/AwinasKannan/Official/StsRepoOffl/org/apache/kafka/kafka_2.13/2.7.1/kafka_2.13-2.7.1.jar:/Users/a0m0rtj/AwinasKannan/Official/StsRepoOffl/org/apache/kafka/kafka-raft/2.7.1/kafka-raft-2.7.1.jar:/Users/a0m0rtj/AwinasKannan/Official/StsRepoOffl/com/fasterxml/jackson/module/jackson-module-scala_2.13/2.12.5/jackson-module-scala_2.13-2.12.5.jar:/Users/a0m0rtj/AwinasKannan/Official/StsRepoOffl/com/thoughtworks/paranamer/paranamer/2.8/paranamer-2.8.jar:/Users/a0m0rtj/AwinasKannan/Official/StsRepoOffl/com/fasterxml/jackson/dataformat/jackson-dataformat-csv/2.12.5/jackson-dataformat-csv-2.12.5.jar:/Users/a0m0rtj/AwinasKannan/Official/StsRepoOffl/com/fasterxml/jackson/datatype/jackson-datatype-jdk8/2.12.5/jackson-datatype-jdk8-2.12.5.jar:/Users/a0m0rtj/AwinasKannan/Official/StsRepoOffl/net/sf/jopt-simple/jopt-simple/5.0.4/jopt-simple-5.0.4.jar:/Users/a0m0rtj/AwinasKannan/Official/StsRepoOffl/com/yammer/metrics/metrics-core/2.2.0/metrics-core-2.2.0.jar:/Users/a0m0rtj/AwinasKannan/Official/StsRepoOffl/org/scala-lang/modules/scala-collection-compat_2.13/2.2.0/scala-collection-compat_2.13-2.2.0.jar:/Users/a0m0rtj/AwinasKannan/Official/StsRepoOffl/org/scala-lang/modules/scala-java8-compat_2.13/0.9.1/scala-java8-compat_2.13-0.9.1.jar:/Users/a0m0rtj/AwinasKannan/Official/StsRepoOffl/org/scala-lang/scala-library/2.13.3/scala-library-2.13.3.jar:/Users/a0m0rtj/AwinasKannan/Official/StsRepoOffl/org/scala-lang/scala-reflect/2.13.3/scala-reflect-2.13.3.jar:/Users/a0m0rtj/AwinasKannan/Official/StsRepoOffl/com/typesafe/scala-logging/scala-logging_2.13/3.9.2/scala-logging_2.13-3.9.2.jar:/Users/a0m0rtj/AwinasKannan/Official/StsRepoOffl/org/apache/zookeeper/zookeeper/3.5.9/zookeeper-3.5.9.jar:/Users/a0m0rtj/AwinasKannan/Official/StsRepoOffl/org/apache/zookeeper/zookeeper-jute/3.5.9/zookeeper-jute-3.5.9.jar:/Users/a0m0rtj/AwinasKannan/Official/StsRepoOffl/org/apache/yetus/audience-annotations/0.5.0/audience-annotations-0.5.0.jar:/Users/a0m0rtj/AwinasKannan/Official/StsRepoOffl/io/netty/netty-handler/4.1.68.Final/netty-handler-4.1.68.Final.jar:/Users/a0m0rtj/AwinasKannan/Official/StsRepoOffl/io/netty/netty-common/4.1.68.Final/netty-common-4.1.68.Final.jar:/Users/a0m0rtj/AwinasKannan/Official/StsRepoOffl/io/netty/netty-resolver/4.1.68.Final/netty-resolver-4.1.68.Final.jar:/Users/a0m0rtj/AwinasKannan/Official/StsRepoOffl/io/netty/netty-buffer/4.1.68.Final/netty-buffer-4.1.68.Final.jar:/Users/a0m0rtj/AwinasKannan/Official/StsRepoOffl/io/netty/netty-transport/4.1.68.Final/netty-transport-4.1.68.Final.jar:/Users/a0m0rtj/AwinasKannan/Official/StsRepoOffl/io/netty/netty-codec/4.1.68.Final/netty-codec-4.1.68.Final.jar:/Users/a0m0rtj/AwinasKannan/Official/StsRepoOffl/io/netty/netty-transport-native-epoll/4.1.68.Final/netty-transport-native-epoll-4.1.68.Final.jar:/Users/a0m0rtj/AwinasKannan/Official/StsRepoOffl/io/netty/netty-transport-native-unix-common/4.1.68.Final/netty-transport-native-unix-common-4.1.68.Final.jar:/Users/a0m0rtj/AwinasKannan/Official/StsRepoOffl/commons-cli/commons-cli/1.4/commons-cli-1.4.jar:/Users/a0m0rtj/AwinasKannan/Official/StsRepoOffl/org/apache/kafka/kafka_2.13/2.7.1/kafka_2.13-2.7.1-test.jar:/Users/a0m0rtj/AwinasKannan/Official/StsRepoOffl/org/junit/jupiter/junit-jupiter-api/5.7.2/junit-jupiter-api-5.7.2.jar:/Users/a0m0rtj/AwinasKannan/Official/StsRepoOffl/org/apiguardian/apiguardian-api/1.1.0/apiguardian-api-1.1.0.jar:/Users/a0m0rtj/AwinasKannan/Official/StsRepoOffl/org/opentest4j/opentest4j/1.2.0/opentest4j-1.2.0.jar:/Users/a0m0rtj/AwinasKannan/Official/StsRepoOffl/org/junit/platform/junit-platform-commons/1.7.2/junit-platform-commons-1.7.2.jar:"/>
    <property name="java.vm.vendor" value="Azul Systems, Inc."/>
    <property name="sun.arch.data.model" value="64"/>
    <property name="java.vendor.url" value="http://www.azul.com/"/>
    <property name="user.timezone" value=""/>
    <property name="java.vm.specification.version" value="11"/>
    <property name="os.name" value="Mac OS X"/>
    <property name="sun.java.launcher" value="SUN_STANDARD"/>
    <property name="user.country" value="IN"/>
    <property name="sun.boot.library.path" value="/Library/Java/JavaVirtualMachines/zulu-11.jdk/Contents/Home/lib"/>
    <property name="sun.java.command" value="/Users/a0m0rtj/AwinasKannan/Official/Workstation/stsoffl/spring-kafka-consumer/target/surefire/surefirebooter10943286578740594382.jar /Users/a0m0rtj/AwinasKannan/Official/Workstation/stsoffl/spring-kafka-consumer/target/surefire 2021-09-26T23-47-47_935-jvmRun1 surefire2614091871621201668tmp surefire_06234116131041492564tmp"/>
    <property name="jdk.debug" value="release"/>
    <property name="surefire.test.class.path" value="/Users/a0m0rtj/AwinasKannan/Official/Workstation/stsoffl/spring-kafka-consumer/target/test-classes:/Users/a0m0rtj/AwinasKannan/Official/Workstation/stsoffl/spring-kafka-consumer/target/classes:/Users/a0m0rtj/AwinasKannan/Official/StsRepoOffl/org/springframework/boot/spring-boot-starter/2.5.5/spring-boot-starter-2.5.5.jar:/Users/a0m0rtj/AwinasKannan/Official/StsRepoOffl/org/springframework/boot/spring-boot/2.5.5/spring-boot-2.5.5.jar:/Users/a0m0rtj/AwinasKannan/Official/StsRepoOffl/org/springframework/boot/spring-boot-autoconfigure/2.5.5/spring-boot-autoconfigure-2.5.5.jar:/Users/a0m0rtj/AwinasKannan/Official/StsRepoOffl/org/springframework/boot/spring-boot-starter-logging/2.5.5/spring-boot-starter-logging-2.5.5.jar:/Users/a0m0rtj/AwinasKannan/Official/StsRepoOffl/ch/qos/logback/logback-classic/1.2.6/logback-classic-1.2.6.jar:/Users/a0m0rtj/AwinasKannan/Official/StsRepoOffl/ch/qos/logback/logback-core/1.2.6/logback-core-1.2.6.jar:/Users/a0m0rtj/AwinasKannan/Official/StsRepoOffl/org/apache/logging/log4j/log4j-to-slf4j/2.14.1/log4j-to-slf4j-2.14.1.jar:/Users/a0m0rtj/AwinasKannan/Official/StsRepoOffl/org/apache/logging/log4j/log4j-api/2.14.1/log4j-api-2.14.1.jar:/Users/a0m0rtj/AwinasKannan/Official/StsRepoOffl/org/slf4j/jul-to-slf4j/1.7.32/jul-to-slf4j-1.7.32.jar:/Users/a0m0rtj/AwinasKannan/Official/StsRepoOffl/jakarta/annotation/jakarta.annotation-api/1.3.5/jakarta.annotation-api-1.3.5.jar:/Users/a0m0rtj/AwinasKannan/Official/StsRepoOffl/org/springframework/spring-core/5.3.10/spring-core-5.3.10.jar:/Users/a0m0rtj/AwinasKannan/Official/StsRepoOffl/org/springframework/spring-jcl/5.3.10/spring-jcl-5.3.10.jar:/Users/a0m0rtj/AwinasKannan/Official/StsRepoOffl/org/yaml/snakeyaml/1.28/snakeyaml-1.28.jar:/Users/a0m0rtj/AwinasKannan/Official/StsRepoOffl/org/springframework/kafka/spring-kafka/2.7.7/spring-kafka-2.7.7.jar:/Users/a0m0rtj/AwinasKannan/Official/StsRepoOffl/org/springframework/spring-context/5.3.10/spring-context-5.3.10.jar:/Users/a0m0rtj/AwinasKannan/Official/StsRepoOffl/org/springframework/spring-aop/5.3.10/spring-aop-5.3.10.jar:/Users/a0m0rtj/AwinasKannan/Official/StsRepoOffl/org/springframework/spring-beans/5.3.10/spring-beans-5.3.10.jar:/Users/a0m0rtj/AwinasKannan/Official/StsRepoOffl/org/springframework/spring-expression/5.3.10/spring-expression-5.3.10.jar:/Users/a0m0rtj/AwinasKannan/Official/StsRepoOffl/org/springframework/spring-messaging/5.3.10/spring-messaging-5.3.10.jar:/Users/a0m0rtj/AwinasKannan/Official/StsRepoOffl/org/springframework/spring-tx/5.3.10/spring-tx-5.3.10.jar:/Users/a0m0rtj/AwinasKannan/Official/StsRepoOffl/org/springframework/retry/spring-retry/1.3.1/spring-retry-1.3.1.jar:/Users/a0m0rtj/AwinasKannan/Official/StsRepoOffl/javax/annotation/javax.annotation-api/1.3.2/javax.annotation-api-1.3.2.jar:/Users/a0m0rtj/AwinasKannan/Official/StsRepoOffl/org/apache/kafka/kafka-clients/2.7.1/kafka-clients-2.7.1.jar:/Users/a0m0rtj/AwinasKannan/Official/StsRepoOffl/com/github/luben/zstd-jni/1.4.5-6/zstd-jni-1.4.5-6.jar:/Users/a0m0rtj/AwinasKannan/Official/StsRepoOffl/org/lz4/lz4-java/1.7.1/lz4-java-1.7.1.jar:/Users/a0m0rtj/AwinasKannan/Official/StsRepoOffl/org/xerial/snappy/snappy-java/1.1.7.7/snappy-java-1.1.7.7.jar:/Users/a0m0rtj/AwinasKannan/Official/StsRepoOffl/org/slf4j/slf4j-api/1.7.32/slf4j-api-1.7.32.jar:/Users/a0m0rtj/AwinasKannan/Official/StsRepoOffl/com/google/code/findbugs/jsr305/3.0.2/jsr305-3.0.2.jar:/Users/a0m0rtj/AwinasKannan/Official/StsRepoOffl/org/projectlombok/lombok/1.18.20/lombok-1.18.20.jar:/Users/a0m0rtj/AwinasKannan/Official/StsRepoOffl/com/fasterxml/jackson/core/jackson-databind/2.12.5/jackson-databind-2.12.5.jar:/Users/a0m0rtj/AwinasKannan/Official/StsRepoOffl/com/fasterxml/jackson/core/jackson-annotations/2.12.5/jackson-annotations-2.12.5.jar:/Users/a0m0rtj/AwinasKannan/Official/StsRepoOffl/com/fasterxml/jackson/core/jackson-core/2.12.5/jackson-core-2.12.5.jar:/Users/a0m0rtj/AwinasKannan/Official/StsRepoOffl/org/springframework/boot/spring-boot-starter-test/2.5.5/spring-boot-starter-test-2.5.5.jar:/Users/a0m0rtj/AwinasKannan/Official/StsRepoOffl/org/springframework/boot/spring-boot-test/2.5.5/spring-boot-test-2.5.5.jar:/Users/a0m0rtj/AwinasKannan/Official/StsRepoOffl/org/springframework/boot/spring-boot-test-autoconfigure/2.5.5/spring-boot-test-autoconfigure-2.5.5.jar:/Users/a0m0rtj/AwinasKannan/Official/StsRepoOffl/com/jayway/jsonpath/json-path/2.5.0/json-path-2.5.0.jar:/Users/a0m0rtj/AwinasKannan/Official/StsRepoOffl/net/minidev/json-smart/2.4.7/json-smart-2.4.7.jar:/Users/a0m0rtj/AwinasKannan/Official/StsRepoOffl/net/minidev/accessors-smart/2.4.7/accessors-smart-2.4.7.jar:/Users/a0m0rtj/AwinasKannan/Official/StsRepoOffl/org/ow2/asm/asm/9.1/asm-9.1.jar:/Users/a0m0rtj/AwinasKannan/Official/StsRepoOffl/jakarta/xml/bind/jakarta.xml.bind-api/2.3.3/jakarta.xml.bind-api-2.3.3.jar:/Users/a0m0rtj/AwinasKannan/Official/StsRepoOffl/jakarta/activation/jakarta.activation-api/1.2.2/jakarta.activation-api-1.2.2.jar:/Users/a0m0rtj/AwinasKannan/Official/StsRepoOffl/org/assertj/assertj-core/3.19.0/assertj-core-3.19.0.jar:/Users/a0m0rtj/AwinasKannan/Official/StsRepoOffl/org/hamcrest/hamcrest/2.2/hamcrest-2.2.jar:/Users/a0m0rtj/AwinasKannan/Official/StsRepoOffl/org/junit/jupiter/junit-jupiter/5.7.2/junit-jupiter-5.7.2.jar:/Users/a0m0rtj/AwinasKannan/Official/StsRepoOffl/org/junit/jupiter/junit-jupiter-params/5.7.2/junit-jupiter-params-5.7.2.jar:/Users/a0m0rtj/AwinasKannan/Official/StsRepoOffl/org/junit/jupiter/junit-jupiter-engine/5.7.2/junit-jupiter-engine-5.7.2.jar:/Users/a0m0rtj/AwinasKannan/Official/StsRepoOffl/org/junit/platform/junit-platform-engine/1.7.2/junit-platform-engine-1.7.2.jar:/Users/a0m0rtj/AwinasKannan/Official/StsRepoOffl/org/mockito/mockito-core/3.9.0/mockito-core-3.9.0.jar:/Users/a0m0rtj/AwinasKannan/Official/StsRepoOffl/net/bytebuddy/byte-buddy/1.10.22/byte-buddy-1.10.22.jar:/Users/a0m0rtj/AwinasKannan/Official/StsRepoOffl/net/bytebuddy/byte-buddy-agent/1.10.22/byte-buddy-agent-1.10.22.jar:/Users/a0m0rtj/AwinasKannan/Official/StsRepoOffl/org/objenesis/objenesis/3.2/objenesis-3.2.jar:/Users/a0m0rtj/AwinasKannan/Official/StsRepoOffl/org/mockito/mockito-junit-jupiter/3.9.0/mockito-junit-jupiter-3.9.0.jar:/Users/a0m0rtj/AwinasKannan/Official/StsRepoOffl/org/skyscreamer/jsonassert/1.5.0/jsonassert-1.5.0.jar:/Users/a0m0rtj/AwinasKannan/Official/StsRepoOffl/com/vaadin/external/google/android-json/0.0.20131108.vaadin1/android-json-0.0.20131108.vaadin1.jar:/Users/a0m0rtj/AwinasKannan/Official/StsRepoOffl/org/springframework/spring-test/5.3.10/spring-test-5.3.10.jar:/Users/a0m0rtj/AwinasKannan/Official/StsRepoOffl/org/xmlunit/xmlunit-core/2.8.2/xmlunit-core-2.8.2.jar:/Users/a0m0rtj/AwinasKannan/Official/StsRepoOffl/org/springframework/kafka/spring-kafka-test/2.7.7/spring-kafka-test-2.7.7.jar:/Users/a0m0rtj/AwinasKannan/Official/StsRepoOffl/org/apache/kafka/kafka-clients/2.7.1/kafka-clients-2.7.1-test.jar:/Users/a0m0rtj/AwinasKannan/Official/StsRepoOffl/org/apache/kafka/kafka-streams/2.7.1/kafka-streams-2.7.1.jar:/Users/a0m0rtj/AwinasKannan/Official/StsRepoOffl/org/apache/kafka/connect-json/2.7.1/connect-json-2.7.1.jar:/Users/a0m0rtj/AwinasKannan/Official/StsRepoOffl/org/apache/kafka/connect-api/2.7.1/connect-api-2.7.1.jar:/Users/a0m0rtj/AwinasKannan/Official/StsRepoOffl/org/rocksdb/rocksdbjni/5.18.4/rocksdbjni-5.18.4.jar:/Users/a0m0rtj/AwinasKannan/Official/StsRepoOffl/org/apache/kafka/kafka-streams-test-utils/2.7.1/kafka-streams-test-utils-2.7.1.jar:/Users/a0m0rtj/AwinasKannan/Official/StsRepoOffl/org/apache/kafka/kafka_2.13/2.7.1/kafka_2.13-2.7.1.jar:/Users/a0m0rtj/AwinasKannan/Official/StsRepoOffl/org/apache/kafka/kafka-raft/2.7.1/kafka-raft-2.7.1.jar:/Users/a0m0rtj/AwinasKannan/Official/StsRepoOffl/com/fasterxml/jackson/module/jackson-module-scala_2.13/2.12.5/jackson-module-scala_2.13-2.12.5.jar:/Users/a0m0rtj/AwinasKannan/Official/StsRepoOffl/com/thoughtworks/paranamer/paranamer/2.8/paranamer-2.8.jar:/Users/a0m0rtj/AwinasKannan/Official/StsRepoOffl/com/fasterxml/jackson/dataformat/jackson-dataformat-csv/2.12.5/jackson-dataformat-csv-2.12.5.jar:/Users/a0m0rtj/AwinasKannan/Official/StsRepoOffl/com/fasterxml/jackson/datatype/jackson-datatype-jdk8/2.12.5/jackson-datatype-jdk8-2.12.5.jar:/Users/a0m0rtj/AwinasKannan/Official/StsRepoOffl/net/sf/jopt-simple/jopt-simple/5.0.4/jopt-simple-5.0.4.jar:/Users/a0m0rtj/AwinasKannan/Official/StsRepoOffl/com/yammer/metrics/metrics-core/2.2.0/metrics-core-2.2.0.jar:/Users/a0m0rtj/AwinasKannan/Official/StsRepoOffl/org/scala-lang/modules/scala-collection-compat_2.13/2.2.0/scala-collection-compat_2.13-2.2.0.jar:/Users/a0m0rtj/AwinasKannan/Official/StsRepoOffl/org/scala-lang/modules/scala-java8-compat_2.13/0.9.1/scala-java8-compat_2.13-0.9.1.jar:/Users/a0m0rtj/AwinasKannan/Official/StsRepoOffl/org/scala-lang/scala-library/2.13.3/scala-library-2.13.3.jar:/Users/a0m0rtj/AwinasKannan/Official/StsRepoOffl/org/scala-lang/scala-reflect/2.13.3/scala-reflect-2.13.3.jar:/Users/a0m0rtj/AwinasKannan/Official/StsRepoOffl/com/typesafe/scala-logging/scala-logging_2.13/3.9.2/scala-logging_2.13-3.9.2.jar:/Users/a0m0rtj/AwinasKannan/Official/StsRepoOffl/org/apache/zookeeper/zookeeper/3.5.9/zookeeper-3.5.9.jar:/Users/a0m0rtj/AwinasKannan/Official/StsRepoOffl/org/apache/zookeeper/zookeeper-jute/3.5.9/zookeeper-jute-3.5.9.jar:/Users/a0m0rtj/AwinasKannan/Official/StsRepoOffl/org/apache/yetus/audience-annotations/0.5.0/audience-annotations-0.5.0.jar:/Users/a0m0rtj/AwinasKannan/Official/StsRepoOffl/io/netty/netty-handler/4.1.68.Final/netty-handler-4.1.68.Final.jar:/Users/a0m0rtj/AwinasKannan/Official/StsRepoOffl/io/netty/netty-common/4.1.68.Final/netty-common-4.1.68.Final.jar:/Users/a0m0rtj/AwinasKannan/Official/StsRepoOffl/io/netty/netty-resolver/4.1.68.Final/netty-resolver-4.1.68.Final.jar:/Users/a0m0rtj/AwinasKannan/Official/StsRepoOffl/io/netty/netty-buffer/4.1.68.Final/netty-buffer-4.1.68.Final.jar:/Users/a0m0rtj/AwinasKannan/Official/StsRepoOffl/io/netty/netty-transport/4.1.68.Final/netty-transport-4.1.68.Final.jar:/Users/a0m0rtj/AwinasKannan/Official/StsRepoOffl/io/netty/netty-codec/4.1.68.Final/netty-codec-4.1.68.Final.jar:/Users/a0m0rtj/AwinasKannan/Official/StsRepoOffl/io/netty/netty-transport-native-epoll/4.1.68.Final/netty-transport-native-epoll-4.1.68.Final.jar:/Users/a0m0rtj/AwinasKannan/Official/StsRepoOffl/io/netty/netty-transport-native-unix-common/4.1.68.Final/netty-transport-native-unix-common-4.1.68.Final.jar:/Users/a0m0rtj/AwinasKannan/Official/StsRepoOffl/commons-cli/commons-cli/1.4/commons-cli-1.4.jar:/Users/a0m0rtj/AwinasKannan/Official/StsRepoOffl/org/apache/kafka/kafka_2.13/2.7.1/kafka_2.13-2.7.1-test.jar:/Users/a0m0rtj/AwinasKannan/Official/StsRepoOffl/org/junit/jupiter/junit-jupiter-api/5.7.2/junit-jupiter-api-5.7.2.jar:/Users/a0m0rtj/AwinasKannan/Official/StsRepoOffl/org/apiguardian/apiguardian-api/1.1.0/apiguardian-api-1.1.0.jar:/Users/a0m0rtj/AwinasKannan/Official/StsRepoOffl/org/opentest4j/opentest4j/1.2.0/opentest4j-1.2.0.jar:/Users/a0m0rtj/AwinasKannan/Official/StsRepoOffl/org/junit/platform/junit-platform-commons/1.7.2/junit-platform-commons-1.7.2.jar:"/>
    <property name="sun.cpu.endian" value="little"/>
    <property name="user.home" value="/Users/a0m0rtj"/>
    <property name="user.language" value="en"/>
    <property name="java.specification.vendor" value="Oracle Corporation"/>
    <property name="java.version.date" value="2021-07-20"/>
    <property name="java.home" value="/Library/Java/JavaVirtualMachines/zulu-11.jdk/Contents/Home"/>
    <property name="file.separator" value="/"/>
    <property name="style.color" value="always"/>
    <property name="basedir" value="/Users/a0m0rtj/AwinasKannan/Official/Workstation/stsoffl/spring-kafka-consumer"/>
    <property name="java.vm.compressedOopsMode" value="Zero based"/>
    <property name="line.separator" value="&#10;"/>
    <property name="java.specification.name" value="Java Platform API Specification"/>
    <property name="java.vm.specification.vendor" value="Oracle Corporation"/>
    <property name="jdk.vendor.version" value="Zulu11.50+19-NV"/>
    <property name="java.awt.graphicsenv" value="sun.awt.CGraphicsEnvironment"/>
    <property name="surefire.real.class.path" value="/Users/a0m0rtj/AwinasKannan/Official/Workstation/stsoffl/spring-kafka-consumer/target/surefire/surefirebooter10943286578740594382.jar"/>
    <property name="sun.management.compiler" value="HotSpot 64-Bit Tiered Compilers"/>
    <property name="java.runtime.version" value="11.0.12+7-LTS"/>
    <property name="user.name" value="a0m0rtj"/>
    <property name="path.separator" value=":"/>
    <property name="os.version" value="10.15.7"/>
    <property name="java.runtime.name" value="OpenJDK Runtime Environment"/>
    <property name="file.encoding" value="UTF-8"/>
    <property name="java.vm.name" value="OpenJDK 64-Bit Server VM"/>
    <property name="java.vendor.version" value="Zulu11.50+19-NV"/>
    <property name="localRepository" value="/Users/a0m0rtj/AwinasKannan/Official/StsRepoOffl"/>
    <property name="java.vendor.url.bug" value="http://www.azul.com/support/"/>
    <property name="java.io.tmpdir" value="/var/folders/ry/2d5lqfj14s51d9ys0mv94wdh0000gq/T/"/>
    <property name="java.version" value="11.0.12"/>
    <property name="user.dir" value="/Users/a0m0rtj/AwinasKannan/Official/Workstation/stsoffl/spring-kafka-consumer"/>
    <property name="os.arch" value="x86_64"/>
    <property name="java.vm.specification.name" value="Java Virtual Machine Specification"/>
    <property name="java.awt.printerjob" value="sun.lwawt.macosx.CPrinterJob"/>
    <property name="sun.os.patch.level" value="unknown"/>
    <property name="java.library.path" value="/Users/a0m0rtj/Library/Java/Extensions:/Library/Java/Extensions:/Network/Library/Java/Extensions:/System/Library/Java/Extensions:/usr/lib/java:."/>
    <property name="java.vm.info" value="mixed mode"/>
    <property name="java.vendor" value="Azul Systems, Inc."/>
    <property name="java.vm.version" value="11.0.12+7-LTS"/>
    <property name="sun.io.unicode.encoding" value="UnicodeBig"/>
    <property name="java.class.version" value="55.0"/>
  </properties>
  <testcase name="contextLoads" classname="com.consumer.kafka.SpringKafkaConsumerApplicationTests" time="0.239"/>
</testsuite>